<?xml version="1.0" encoding="UTF-8"?>
<testng-results skipped="0" failed="0" total="1" passed="1">
  <reporter-output>
  </reporter-output>
  <suite name="Suite" duration-ms="13238" started-at="2019-08-05T01:25:36Z" finished-at="2019-08-05T01:25:49Z">
    <groups>
    </groups>
    <test name="Test" duration-ms="13238" started-at="2019-08-05T01:25:36Z" finished-at="2019-08-05T01:25:49Z">
      <class name="in.amazon.selenium.testcases.TC001">
        <test-method status="PASS" signature="TC001()[pri:0, instance:in.amazon.selenium.testcases.TC001@be2bc2]" name="TC001" duration-ms="13221" started-at="2019-08-05T06:55:36Z" finished-at="2019-08-05T06:55:49Z">
          <reporter-output>
          </reporter-output>
        </test-method> <!-- TC001 -->
      </class> <!-- in.amazon.selenium.testcases.TC001 -->
    </test> <!-- Test -->
  </suite> <!-- Suite -->
</testng-results>
